The system is: Linux - 4.18.0-553.69.1.el8_10.x86_64 - x86_64
Compiling the C compiler identification source file "CMakeCCompilerId.c" succeeded.
Compiler: /sw/eb/sw/GCCcore/12.2.0/bin/cc 
Build flags: 
Id flags:  

The output was:
0


Compilation of the C compiler identification source "CMakeCCompilerId.c" produced "a.out"

The C compiler identification is GNU, found in "/scratch/user/lukegu03/csce335/project/CMakeFiles/3.12.1/CompilerIdC/a.out"

Compiling the CXX compiler identification source file "CMakeCXXCompilerId.cpp" succeeded.
Compiler: /sw/eb/sw/GCCcore/12.2.0/bin/c++ 
Build flags: 
Id flags:  

The output was:
0


Compilation of the CXX compiler identification source "CMakeCXXCompilerId.cpp" produced "a.out"

The CXX compiler identification is GNU, found in "/scratch/user/lukegu03/csce335/project/CMakeFiles/3.12.1/CompilerIdCXX/a.out"

Determining if the C compiler works passed with the following output:
Change Dir: /scratch/user/lukegu03/csce335/project/CMakeFiles/CMakeTmp

Run Build Command:"/usr/bin/gmake" "cmTC_1c61b/fast"
/usr/bin/gmake -f CMakeFiles/cmTC_1c61b.dir/build.make CMakeFiles/cmTC_1c61b.dir/build
gmake[1]: Entering directory '/scratch/user/lukegu03/csce335/project/CMakeFiles/CMakeTmp'
Building C object CMakeFiles/cmTC_1c61b.dir/testCCompiler.c.o
/sw/eb/sw/GCCcore/12.2.0/bin/cc    -o CMakeFiles/cmTC_1c61b.dir/testCCompiler.c.o   -c /scratch/user/lukegu03/csce335/project/CMakeFiles/CMakeTmp/testCCompiler.c
Linking C executable cmTC_1c61b
/sw/eb/sw/CMake/3.12.1/bin/cmake -E cmake_link_script CMakeFiles/cmTC_1c61b.dir/link.txt --verbose=1
/sw/eb/sw/GCCcore/12.2.0/bin/cc      -rdynamic CMakeFiles/cmTC_1c61b.dir/testCCompiler.c.o  -o cmTC_1c61b 
gmake[1]: Leaving directory '/scratch/user/lukegu03/csce335/project/CMakeFiles/CMakeTmp'


Detecting C compiler ABI info compiled with the following output:
Change Dir: /scratch/user/lukegu03/csce335/project/CMakeFiles/CMakeTmp

Run Build Command:"/usr/bin/gmake" "cmTC_5b3f0/fast"
/usr/bin/gmake -f CMakeFiles/cmTC_5b3f0.dir/build.make CMakeFiles/cmTC_5b3f0.dir/build
gmake[1]: Entering directory '/scratch/user/lukegu03/csce335/project/CMakeFiles/CMakeTmp'
Building C object CMakeFiles/cmTC_5b3f0.dir/CMakeCCompilerABI.c.o
/sw/eb/sw/GCCcore/12.2.0/bin/cc    -o CMakeFiles/cmTC_5b3f0.dir/CMakeCCompilerABI.c.o   -c /sw/eb/sw/CMake/3.12.1/share/cmake-3.12/Modules/CMakeCCompilerABI.c
Linking C executable cmTC_5b3f0
/sw/eb/sw/CMake/3.12.1/bin/cmake -E cmake_link_script CMakeFiles/cmTC_5b3f0.dir/link.txt --verbose=1
/sw/eb/sw/GCCcore/12.2.0/bin/cc     -v -rdynamic CMakeFiles/cmTC_5b3f0.dir/CMakeCCompilerABI.c.o  -o cmTC_5b3f0 
Using built-in specs.
COLLECT_GCC=/sw/eb/sw/GCCcore/12.2.0/bin/cc
COLLECT_LTO_WRAPPER=/sw/eb/sw/GCCcore/12.2.0/libexec/gcc/x86_64-pc-linux-gnu/12.2.0/lto-wrapper
OFFLOAD_TARGET_NAMES=nvptx-none
Target: x86_64-pc-linux-gnu
Configured with: ../configure --enable-languages=c,c++,fortran --without-cuda-driver --enable-offload-targets=nvptx-none --enable-lto --enable-checking=release --disable-multilib --enable-shared=yes --enable-static=yes --enable-threads=posix --enable-plugins --enable-gold --enable-ld=default --prefix=/sw/eb/sw/GCCcore/12.2.0 --with-local-prefix=/sw/eb/sw/GCCcore/12.2.0 --enable-bootstrap --with-isl=/tmp/baum/easybuild/GCCcore/12.2.0/system-system/gcc-12.2.0/stage2_stuff --build=x86_64-pc-linux-gnu --host=x86_64-pc-linux-gnu
Thread model: posix
Supported LTO compression algorithms: zlib zstd
gcc version 12.2.0 (GCC) 
COMPILER_PATH=/sw/eb/sw/GCCcore/12.2.0/libexec/gcc/x86_64-pc-linux-gnu/12.2.0/:/sw/eb/sw/GCCcore/12.2.0/libexec/gcc/x86_64-pc-linux-gnu/12.2.0/:/sw/eb/sw/GCCcore/12.2.0/libexec/gcc/x86_64-pc-linux-gnu/:/sw/eb/sw/GCCcore/12.2.0/lib/gcc/x86_64-pc-linux-gnu/12.2.0/:/sw/eb/sw/GCCcore/12.2.0/lib/gcc/x86_64-pc-linux-gnu/
LIBRARY_PATH=/sw/eb/sw/PAPI/7.0.1-GCCcore-12.2.0/lib/../lib64/:/sw/eb/sw/zlib/1.2.12-GCCcore-12.2.0/lib/../lib64/:/sw/eb/sw/binutils/2.38/lib/../lib64/:/sw/eb/sw/GCCcore/12.2.0/lib/gcc/x86_64-pc-linux-gnu/12.2.0/:/sw/eb/sw/GCCcore/12.2.0/lib/gcc/x86_64-pc-linux-gnu/12.2.0/../../../../lib64/:/lib/../lib64/:/usr/lib/../lib64/:/sw/eb/sw/PAPI/7.0.1-GCCcore-12.2.0/lib/:/sw/eb/sw/zlib/1.2.12-GCCcore-12.2.0/lib/:/sw/eb/sw/binutils/2.38/lib/:/sw/eb/sw/imkl-FFTW/2022.1.0-iimpi-2022a/lib/:/sw/eb/sw/impi/2021.6.0-intel-compilers-2022.1.0/mpi/2021.6.0/libfabric/lib/:/sw/eb/sw/impi/2021.6.0-intel-compilers-2022.1.0/mpi/2021.6.0/lib/release/:/sw/eb/sw/impi/2021.6.0-intel-compilers-2022.1.0/mpi/2021.6.0/lib/:/sw/eb/sw/imkl/2022.1.0/mkl/2022.1.0/lib/intel64/:/sw/eb/sw/imkl/2022.1.0/compiler/2022.1.0/linux/compiler/lib/intel64_lin/:/sw/eb/sw/intel-compilers/2022.1.0/tbb/2021.6.0/lib/intel64/gcc4.8/:/sw/eb/sw/intel-compilers/2022.1.0/compiler/2022.1.0/linux/compiler/lib/intel64_lin/:/sw/eb/sw/intel-compilers/2022.1.0/compiler/2022.1.0/linux/lib/x64/:/sw/eb/sw/intel-compilers/2022.1.0/compiler/2022.1.0/linux/lib/:/sw/eb/sw/GCCcore/12.2.0/lib/gcc/x86_64-pc-linux-gnu/12.2.0/../../../:/lib/:/usr/lib/
COLLECT_GCC_OPTIONS='-v' '-rdynamic' '-o' 'cmTC_5b3f0' '-mtune=generic' '-march=x86-64' '-dumpdir' 'cmTC_5b3f0.'
 /sw/eb/sw/GCCcore/12.2.0/libexec/gcc/x86_64-pc-linux-gnu/12.2.0/collect2 -plugin /sw/eb/sw/GCCcore/12.2.0/libexec/gcc/x86_64-pc-linux-gnu/12.2.0/liblto_plugin.so -plugin-opt=/sw/eb/sw/GCCcore/12.2.0/libexec/gcc/x86_64-pc-linux-gnu/12.2.0/lto-wrapper -plugin-opt=-fresolution=/tmp/ccr0hyta.res -plugin-opt=-pass-through=-lgcc -plugin-opt=-pass-through=-lgcc_s -plugin-opt=-pass-through=-lc -plugin-opt=-pass-through=-lgcc -plugin-opt=-pass-through=-lgcc_s --eh-frame-hdr -m elf_x86_64 -export-dynamic -dynamic-linker /lib64/ld-linux-x86-64.so.2 -o cmTC_5b3f0 /lib/../lib64/crt1.o /lib/../lib64/crti.o /sw/eb/sw/GCCcore/12.2.0/lib/gcc/x86_64-pc-linux-gnu/12.2.0/crtbegin.o -L/sw/eb/sw/PAPI/7.0.1-GCCcore-12.2.0/lib/../lib64 -L/sw/eb/sw/zlib/1.2.12-GCCcore-12.2.0/lib/../lib64 -L/sw/eb/sw/binutils/2.38/lib/../lib64 -L/sw/eb/sw/GCCcore/12.2.0/lib/gcc/x86_64-pc-linux-gnu/12.2.0 -L/sw/eb/sw/GCCcore/12.2.0/lib/gcc/x86_64-pc-linux-gnu/12.2.0/../../../../lib64 -L/lib/../lib64 -L/usr/lib/../lib64 -L/sw/eb/sw/PAPI/7.0.1-GCCcore-12.2.0/lib -L/sw/eb/sw/zlib/1.2.12-GCCcore-12.2.0/lib -L/sw/eb/sw/binutils/2.38/lib -L/sw/eb/sw/imkl-FFTW/2022.1.0-iimpi-2022a/lib -L/sw/eb/sw/impi/2021.6.0-intel-compilers-2022.1.0/mpi/2021.6.0/libfabric/lib -L/sw/eb/sw/impi/2021.6.0-intel-compilers-2022.1.0/mpi/2021.6.0/lib/release -L/sw/eb/sw/impi/2021.6.0-intel-compilers-2022.1.0/mpi/2021.6.0/lib -L/sw/eb/sw/imkl/2022.1.0/mkl/2022.1.0/lib/intel64 -L/sw/eb/sw/imkl/2022.1.0/compiler/2022.1.0/linux/compiler/lib/intel64_lin -L/sw/eb/sw/intel-compilers/2022.1.0/tbb/2021.6.0/lib/intel64/gcc4.8 -L/sw/eb/sw/intel-compilers/2022.1.0/compiler/2022.1.0/linux/compiler/lib/intel64_lin -L/sw/eb/sw/intel-compilers/2022.1.0/compiler/2022.1.0/linux/lib/x64 -L/sw/eb/sw/intel-compilers/2022.1.0/compiler/2022.1.0/linux/lib -L/sw/eb/sw/GCCcore/12.2.0/lib/gcc/x86_64-pc-linux-gnu/12.2.0/../../.. CMakeFiles/cmTC_5b3f0.dir/CMakeCCompilerABI.c.o -lgcc --push-state --as-needed -lgcc_s --pop-state -lc -lgcc --push-state --as-needed -lgcc_s --pop-state /sw/eb/sw/GCCcore/12.2.0/lib/gcc/x86_64-pc-linux-gnu/12.2.0/crtend.o /lib/../lib64/crtn.o
COLLECT_GCC_OPTIONS='-v' '-rdynamic' '-o' 'cmTC_5b3f0' '-mtune=generic' '-march=x86-64' '-dumpdir' 'cmTC_5b3f0.'
gmake[1]: Leaving directory '/scratch/user/lukegu03/csce335/project/CMakeFiles/CMakeTmp'


Parsed C implicit link information from above output:
  link line regex: [^( *|.*[/\])(ld|CMAKE_LINK_STARTFILE-NOTFOUND|([^/\]+-)?ld|collect2)[^/\]*( |$)]
  ignore line: [Change Dir: /scratch/user/lukegu03/csce335/project/CMakeFiles/CMakeTmp]
  ignore line: []
  ignore line: [Run Build Command:"/usr/bin/gmake" "cmTC_5b3f0/fast"]
  ignore line: [/usr/bin/gmake -f CMakeFiles/cmTC_5b3f0.dir/build.make CMakeFiles/cmTC_5b3f0.dir/build]
  ignore line: [gmake[1]: Entering directory '/scratch/user/lukegu03/csce335/project/CMakeFiles/CMakeTmp']
  ignore line: [Building C object CMakeFiles/cmTC_5b3f0.dir/CMakeCCompilerABI.c.o]
  ignore line: [/sw/eb/sw/GCCcore/12.2.0/bin/cc    -o CMakeFiles/cmTC_5b3f0.dir/CMakeCCompilerABI.c.o   -c /sw/eb/sw/CMake/3.12.1/share/cmake-3.12/Modules/CMakeCCompilerABI.c]
  ignore line: [Linking C executable cmTC_5b3f0]
  ignore line: [/sw/eb/sw/CMake/3.12.1/bin/cmake -E cmake_link_script CMakeFiles/cmTC_5b3f0.dir/link.txt --verbose=1]
  ignore line: [/sw/eb/sw/GCCcore/12.2.0/bin/cc     -v -rdynamic CMakeFiles/cmTC_5b3f0.dir/CMakeCCompilerABI.c.o  -o cmTC_5b3f0 ]
  ignore line: [Using built-in specs.]
  ignore line: [COLLECT_GCC=/sw/eb/sw/GCCcore/12.2.0/bin/cc]
  ignore line: [COLLECT_LTO_WRAPPER=/sw/eb/sw/GCCcore/12.2.0/libexec/gcc/x86_64-pc-linux-gnu/12.2.0/lto-wrapper]
  ignore line: [OFFLOAD_TARGET_NAMES=nvptx-none]
  ignore line: [Target: x86_64-pc-linux-gnu]
  ignore line: [Configured with: ../configure --enable-languages=c,c++,fortran --without-cuda-driver --enable-offload-targets=nvptx-none --enable-lto --enable-checking=release --disable-multilib --enable-shared=yes --enable-static=yes --enable-threads=posix --enable-plugins --enable-gold --enable-ld=default --prefix=/sw/eb/sw/GCCcore/12.2.0 --with-local-prefix=/sw/eb/sw/GCCcore/12.2.0 --enable-bootstrap --with-isl=/tmp/baum/easybuild/GCCcore/12.2.0/system-system/gcc-12.2.0/stage2_stuff --build=x86_64-pc-linux-gnu --host=x86_64-pc-linux-gnu]
  ignore line: [Thread model: posix]
  ignore line: [Supported LTO compression algorithms: zlib zstd]
  ignore line: [gcc version 12.2.0 (GCC) ]
  ignore line: [COMPILER_PATH=/sw/eb/sw/GCCcore/12.2.0/libexec/gcc/x86_64-pc-linux-gnu/12.2.0/:/sw/eb/sw/GCCcore/12.2.0/libexec/gcc/x86_64-pc-linux-gnu/12.2.0/:/sw/eb/sw/GCCcore/12.2.0/libexec/gcc/x86_64-pc-linux-gnu/:/sw/eb/sw/GCCcore/12.2.0/lib/gcc/x86_64-pc-linux-gnu/12.2.0/:/sw/eb/sw/GCCcore/12.2.0/lib/gcc/x86_64-pc-linux-gnu/]
  ignore line: [LIBRARY_PATH=/sw/eb/sw/PAPI/7.0.1-GCCcore-12.2.0/lib/../lib64/:/sw/eb/sw/zlib/1.2.12-GCCcore-12.2.0/lib/../lib64/:/sw/eb/sw/binutils/2.38/lib/../lib64/:/sw/eb/sw/GCCcore/12.2.0/lib/gcc/x86_64-pc-linux-gnu/12.2.0/:/sw/eb/sw/GCCcore/12.2.0/lib/gcc/x86_64-pc-linux-gnu/12.2.0/../../../../lib64/:/lib/../lib64/:/usr/lib/../lib64/:/sw/eb/sw/PAPI/7.0.1-GCCcore-12.2.0/lib/:/sw/eb/sw/zlib/1.2.12-GCCcore-12.2.0/lib/:/sw/eb/sw/binutils/2.38/lib/:/sw/eb/sw/imkl-FFTW/2022.1.0-iimpi-2022a/lib/:/sw/eb/sw/impi/2021.6.0-intel-compilers-2022.1.0/mpi/2021.6.0/libfabric/lib/:/sw/eb/sw/impi/2021.6.0-intel-compilers-2022.1.0/mpi/2021.6.0/lib/release/:/sw/eb/sw/impi/2021.6.0-intel-compilers-2022.1.0/mpi/2021.6.0/lib/:/sw/eb/sw/imkl/2022.1.0/mkl/2022.1.0/lib/intel64/:/sw/eb/sw/imkl/2022.1.0/compiler/2022.1.0/linux/compiler/lib/intel64_lin/:/sw/eb/sw/intel-compilers/2022.1.0/tbb/2021.6.0/lib/intel64/gcc4.8/:/sw/eb/sw/intel-compilers/2022.1.0/compiler/2022.1.0/linux/compiler/lib/intel64_lin/:/sw/eb/sw/intel-compilers/2022.1.0/compiler/2022.1.0/linux/lib/x64/:/sw/eb/sw/intel-compilers/2022.1.0/compiler/2022.1.0/linux/lib/:/sw/eb/sw/GCCcore/12.2.0/lib/gcc/x86_64-pc-linux-gnu/12.2.0/../../../:/lib/:/usr/lib/]
  ignore line: [COLLECT_GCC_OPTIONS='-v' '-rdynamic' '-o' 'cmTC_5b3f0' '-mtune=generic' '-march=x86-64' '-dumpdir' 'cmTC_5b3f0.']
  link line: [ /sw/eb/sw/GCCcore/12.2.0/libexec/gcc/x86_64-pc-linux-gnu/12.2.0/collect2 -plugin /sw/eb/sw/GCCcore/12.2.0/libexec/gcc/x86_64-pc-linux-gnu/12.2.0/liblto_plugin.so -plugin-opt=/sw/eb/sw/GCCcore/12.2.0/libexec/gcc/x86_64-pc-linux-gnu/12.2.0/lto-wrapper -plugin-opt=-fresolution=/tmp/ccr0hyta.res -plugin-opt=-pass-through=-lgcc -plugin-opt=-pass-through=-lgcc_s -plugin-opt=-pass-through=-lc -plugin-opt=-pass-through=-lgcc -plugin-opt=-pass-through=-lgcc_s --eh-frame-hdr -m elf_x86_64 -export-dynamic -dynamic-linker /lib64/ld-linux-x86-64.so.2 -o cmTC_5b3f0 /lib/../lib64/crt1.o /lib/../lib64/crti.o /sw/eb/sw/GCCcore/12.2.0/lib/gcc/x86_64-pc-linux-gnu/12.2.0/crtbegin.o -L/sw/eb/sw/PAPI/7.0.1-GCCcore-12.2.0/lib/../lib64 -L/sw/eb/sw/zlib/1.2.12-GCCcore-12.2.0/lib/../lib64 -L/sw/eb/sw/binutils/2.38/lib/../lib64 -L/sw/eb/sw/GCCcore/12.2.0/lib/gcc/x86_64-pc-linux-gnu/12.2.0 -L/sw/eb/sw/GCCcore/12.2.0/lib/gcc/x86_64-pc-linux-gnu/12.2.0/../../../../lib64 -L/lib/../lib64 -L/usr/lib/../lib64 -L/sw/eb/sw/PAPI/7.0.1-GCCcore-12.2.0/lib -L/sw/eb/sw/zlib/1.2.12-GCCcore-12.2.0/lib -L/sw/eb/sw/binutils/2.38/lib -L/sw/eb/sw/imkl-FFTW/2022.1.0-iimpi-2022a/lib -L/sw/eb/sw/impi/2021.6.0-intel-compilers-2022.1.0/mpi/2021.6.0/libfabric/lib -L/sw/eb/sw/impi/2021.6.0-intel-compilers-2022.1.0/mpi/2021.6.0/lib/release -L/sw/eb/sw/impi/2021.6.0-intel-compilers-2022.1.0/mpi/2021.6.0/lib -L/sw/eb/sw/imkl/2022.1.0/mkl/2022.1.0/lib/intel64 -L/sw/eb/sw/imkl/2022.1.0/compiler/2022.1.0/linux/compiler/lib/intel64_lin -L/sw/eb/sw/intel-compilers/2022.1.0/tbb/2021.6.0/lib/intel64/gcc4.8 -L/sw/eb/sw/intel-compilers/2022.1.0/compiler/2022.1.0/linux/compiler/lib/intel64_lin -L/sw/eb/sw/intel-compilers/2022.1.0/compiler/2022.1.0/linux/lib/x64 -L/sw/eb/sw/intel-compilers/2022.1.0/compiler/2022.1.0/linux/lib -L/sw/eb/sw/GCCcore/12.2.0/lib/gcc/x86_64-pc-linux-gnu/12.2.0/../../.. CMakeFiles/cmTC_5b3f0.dir/CMakeCCompilerABI.c.o -lgcc --push-state --as-needed -lgcc_s --pop-state -lc -lgcc --push-state --as-needed -lgcc_s --pop-state /sw/eb/sw/GCCcore/12.2.0/lib/gcc/x86_64-pc-linux-gnu/12.2.0/crtend.o /lib/../lib64/crtn.o]
    arg [/sw/eb/sw/GCCcore/12.2.0/libexec/gcc/x86_64-pc-linux-gnu/12.2.0/collect2] ==> ignore
    arg [-plugin] ==> ignore
    arg [/sw/eb/sw/GCCcore/12.2.0/libexec/gcc/x86_64-pc-linux-gnu/12.2.0/liblto_plugin.so] ==> ignore
    arg [-plugin-opt=/sw/eb/sw/GCCcore/12.2.0/libexec/gcc/x86_64-pc-linux-gnu/12.2.0/lto-wrapper] ==> ignore
    arg [-plugin-opt=-fresolution=/tmp/ccr0hyta.res] ==> ignore
    arg [-plugin-opt=-pass-through=-lgcc] ==> ignore
    arg [-plugin-opt=-pass-through=-lgcc_s] ==> ignore
    arg [-plugin-opt=-pass-through=-lc] ==> ignore
    arg [-plugin-opt=-pass-through=-lgcc] ==> ignore
    arg [-plugin-opt=-pass-through=-lgcc_s] ==> ignore
    arg [--eh-frame-hdr] ==> ignore
    arg [-m] ==> ignore
    arg [elf_x86_64] ==> ignore
    arg [-export-dynamic] ==> ignore
    arg [-dynamic-linker] ==> ignore
    arg [/lib64/ld-linux-x86-64.so.2] ==> ignore
    arg [-o] ==> ignore
    arg [cmTC_5b3f0] ==> ignore
    arg [/lib/../lib64/crt1.o] ==> ignore
    arg [/lib/../lib64/crti.o] ==> ignore
    arg [/sw/eb/sw/GCCcore/12.2.0/lib/gcc/x86_64-pc-linux-gnu/12.2.0/crtbegin.o] ==> ignore
    arg [-L/sw/eb/sw/PAPI/7.0.1-GCCcore-12.2.0/lib/../lib64] ==> dir [/sw/eb/sw/PAPI/7.0.1-GCCcore-12.2.0/lib/../lib64]
    arg [-L/sw/eb/sw/zlib/1.2.12-GCCcore-12.2.0/lib/../lib64] ==> dir [/sw/eb/sw/zlib/1.2.12-GCCcore-12.2.0/lib/../lib64]
    arg [-L/sw/eb/sw/binutils/2.38/lib/../lib64] ==> dir [/sw/eb/sw/binutils/2.38/lib/../lib64]
    arg [-L/sw/eb/sw/GCCcore/12.2.0/lib/gcc/x86_64-pc-linux-gnu/12.2.0] ==> dir [/sw/eb/sw/GCCcore/12.2.0/lib/gcc/x86_64-pc-linux-gnu/12.2.0]
    arg [-L/sw/eb/sw/GCCcore/12.2.0/lib/gcc/x86_64-pc-linux-gnu/12.2.0/../../../../lib64] ==> dir [/sw/eb/sw/GCCcore/12.2.0/lib/gcc/x86_64-pc-linux-gnu/12.2.0/../../../../lib64]
    arg [-L/lib/../lib64] ==> dir [/lib/../lib64]
    arg [-L/usr/lib/../lib64] ==> dir [/usr/lib/../lib64]
    arg [-L/sw/eb/sw/PAPI/7.0.1-GCCcore-12.2.0/lib] ==> dir [/sw/eb/sw/PAPI/7.0.1-GCCcore-12.2.0/lib]
    arg [-L/sw/eb/sw/zlib/1.2.12-GCCcore-12.2.0/lib] ==> dir [/sw/eb/sw/zlib/1.2.12-GCCcore-12.2.0/lib]
    arg [-L/sw/eb/sw/binutils/2.38/lib] ==> dir [/sw/eb/sw/binutils/2.38/lib]
    arg [-L/sw/eb/sw/imkl-FFTW/2022.1.0-iimpi-2022a/lib] ==> dir [/sw/eb/sw/imkl-FFTW/2022.1.0-iimpi-2022a/lib]
    arg [-L/sw/eb/sw/impi/2021.6.0-intel-compilers-2022.1.0/mpi/2021.6.0/libfabric/lib] ==> dir [/sw/eb/sw/impi/2021.6.0-intel-compilers-2022.1.0/mpi/2021.6.0/libfabric/lib]
    arg [-L/sw/eb/sw/impi/2021.6.0-intel-compilers-2022.1.0/mpi/2021.6.0/lib/release] ==> dir [/sw/eb/sw/impi/2021.6.0-intel-compilers-2022.1.0/mpi/2021.6.0/lib/release]
    arg [-L/sw/eb/sw/impi/2021.6.0-intel-compilers-2022.1.0/mpi/2021.6.0/lib] ==> dir [/sw/eb/sw/impi/2021.6.0-intel-compilers-2022.1.0/mpi/2021.6.0/lib]
    arg [-L/sw/eb/sw/imkl/2022.1.0/mkl/2022.1.0/lib/intel64] ==> dir [/sw/eb/sw/imkl/2022.1.0/mkl/2022.1.0/lib/intel64]
    arg [-L/sw/eb/sw/imkl/2022.1.0/compiler/2022.1.0/linux/compiler/lib/intel64_lin] ==> dir [/sw/eb/sw/imkl/2022.1.0/compiler/2022.1.0/linux/compiler/lib/intel64_lin]
    arg [-L/sw/eb/sw/intel-compilers/2022.1.0/tbb/2021.6.0/lib/intel64/gcc4.8] ==> dir [/sw/eb/sw/intel-compilers/2022.1.0/tbb/2021.6.0/lib/intel64/gcc4.8]
    arg [-L/sw/eb/sw/intel-compilers/2022.1.0/compiler/2022.1.0/linux/compiler/lib/intel64_lin] ==> dir [/sw/eb/sw/intel-compilers/2022.1.0/compiler/2022.1.0/linux/compiler/lib/intel64_lin]
    arg [-L/sw/eb/sw/intel-compilers/2022.1.0/compiler/2022.1.0/linux/lib/x64] ==> dir [/sw/eb/sw/intel-compilers/2022.1.0/compiler/2022.1.0/linux/lib/x64]
    arg [-L/sw/eb/sw/intel-compilers/2022.1.0/compiler/2022.1.0/linux/lib] ==> dir [/sw/eb/sw/intel-compilers/2022.1.0/compiler/2022.1.0/linux/lib]
    arg [-L/sw/eb/sw/GCCcore/12.2.0/lib/gcc/x86_64-pc-linux-gnu/12.2.0/../../..] ==> dir [/sw/eb/sw/GCCcore/12.2.0/lib/gcc/x86_64-pc-linux-gnu/12.2.0/../../..]
    arg [CMakeFiles/cmTC_5b3f0.dir/CMakeCCompilerABI.c.o] ==> ignore
    arg [-lgcc] ==> lib [gcc]
    arg [--push-state] ==> ignore
    arg [--as-needed] ==> ignore
    arg [-lgcc_s] ==> lib [gcc_s]
    arg [--pop-state] ==> ignore
    arg [-lc] ==> lib [c]
    arg [-lgcc] ==> lib [gcc]
    arg [--push-state] ==> ignore
    arg [--as-needed] ==> ignore
    arg [-lgcc_s] ==> lib [gcc_s]
    arg [--pop-state] ==> ignore
    arg [/sw/eb/sw/GCCcore/12.2.0/lib/gcc/x86_64-pc-linux-gnu/12.2.0/crtend.o] ==> ignore
    arg [/lib/../lib64/crtn.o] ==> ignore
  collapse library dir [/sw/eb/sw/PAPI/7.0.1-GCCcore-12.2.0/lib/../lib64] ==> [/sw/eb/sw/PAPI/7.0.1-GCCcore-12.2.0/lib64]
  collapse library dir [/sw/eb/sw/zlib/1.2.12-GCCcore-12.2.0/lib/../lib64] ==> [/sw/eb/sw/zlib/1.2.12-GCCcore-12.2.0/lib64]
  collapse library dir [/sw/eb/sw/binutils/2.38/lib/../lib64] ==> [/sw/eb/sw/binutils/2.38/lib64]
  collapse library dir [/sw/eb/sw/GCCcore/12.2.0/lib/gcc/x86_64-pc-linux-gnu/12.2.0] ==> [/sw/eb/sw/GCCcore/12.2.0/lib/gcc/x86_64-pc-linux-gnu/12.2.0]
  collapse library dir [/sw/eb/sw/GCCcore/12.2.0/lib/gcc/x86_64-pc-linux-gnu/12.2.0/../../../../lib64] ==> [/sw/eb/sw/GCCcore/12.2.0/lib64]
  collapse library dir [/lib/../lib64] ==> [/lib64]
  collapse library dir [/usr/lib/../lib64] ==> [/usr/lib64]
  collapse library dir [/sw/eb/sw/PAPI/7.0.1-GCCcore-12.2.0/lib] ==> [/sw/eb/sw/PAPI/7.0.1-GCCcore-12.2.0/lib]
  collapse library dir [/sw/eb/sw/zlib/1.2.12-GCCcore-12.2.0/lib] ==> [/sw/eb/sw/zlib/1.2.12-GCCcore-12.2.0/lib]
  collapse library dir [/sw/eb/sw/binutils/2.38/lib] ==> [/sw/eb/sw/binutils/2.38/lib]
  collapse library dir [/sw/eb/sw/imkl-FFTW/2022.1.0-iimpi-2022a/lib] ==> [/sw/eb/sw/imkl-FFTW/2022.1.0-iimpi-2022a/lib]
  collapse library dir [/sw/eb/sw/impi/2021.6.0-intel-compilers-2022.1.0/mpi/2021.6.0/libfabric/lib] ==> [/sw/eb/sw/impi/2021.6.0-intel-compilers-2022.1.0/mpi/2021.6.0/libfabric/lib]
  collapse library dir [/sw/eb/sw/impi/2021.6.0-intel-compilers-2022.1.0/mpi/2021.6.0/lib/release] ==> [/sw/eb/sw/impi/2021.6.0-intel-compilers-2022.1.0/mpi/2021.6.0/lib/release]
  collapse library dir [/sw/eb/sw/impi/2021.6.0-intel-compilers-2022.1.0/mpi/2021.6.0/lib] ==> [/sw/eb/sw/impi/2021.6.0-intel-compilers-2022.1.0/mpi/2021.6.0/lib]
  collapse library dir [/sw/eb/sw/imkl/2022.1.0/mkl/2022.1.0/lib/intel64] ==> [/sw/eb/sw/imkl/2022.1.0/mkl/2022.1.0/lib/intel64]
  collapse library dir [/sw/eb/sw/imkl/2022.1.0/compiler/2022.1.0/linux/compiler/lib/intel64_lin] ==> [/sw/eb/sw/imkl/2022.1.0/compiler/2022.1.0/linux/compiler/lib/intel64_lin]
  collapse library dir [/sw/eb/sw/intel-compilers/2022.1.0/tbb/2021.6.0/lib/intel64/gcc4.8] ==> [/sw/eb/sw/intel-compilers/2022.1.0/tbb/2021.6.0/lib/intel64/gcc4.8]
  collapse library dir [/sw/eb/sw/intel-compilers/2022.1.0/compiler/2022.1.0/linux/compiler/lib/intel64_lin] ==> [/sw/eb/sw/intel-compilers/2022.1.0/compiler/2022.1.0/linux/compiler/lib/intel64_lin]
  collapse library dir [/sw/eb/sw/intel-compilers/2022.1.0/compiler/2022.1.0/linux/lib/x64] ==> [/sw/eb/sw/intel-compilers/2022.1.0/compiler/2022.1.0/linux/lib/x64]
  collapse library dir [/sw/eb/sw/intel-compilers/2022.1.0/compiler/2022.1.0/linux/lib] ==> [/sw/eb/sw/intel-compilers/2022.1.0/compiler/2022.1.0/linux/lib]
  collapse library dir [/sw/eb/sw/GCCcore/12.2.0/lib/gcc/x86_64-pc-linux-gnu/12.2.0/../../..] ==> [/sw/eb/sw/GCCcore/12.2.0/lib]
  implicit libs: [gcc;gcc_s;c;gcc;gcc_s]
  implicit dirs: [/sw/eb/sw/PAPI/7.0.1-GCCcore-12.2.0/lib64;/sw/eb/sw/zlib/1.2.12-GCCcore-12.2.0/lib64;/sw/eb/sw/binutils/2.38/lib64;/sw/eb/sw/GCCcore/12.2.0/lib/gcc/x86_64-pc-linux-gnu/12.2.0;/sw/eb/sw/GCCcore/12.2.0/lib64;/lib64;/usr/lib64;/sw/eb/sw/PAPI/7.0.1-GCCcore-12.2.0/lib;/sw/eb/sw/zlib/1.2.12-GCCcore-12.2.0/lib;/sw/eb/sw/binutils/2.38/lib;/sw/eb/sw/imkl-FFTW/2022.1.0-iimpi-2022a/lib;/sw/eb/sw/impi/2021.6.0-intel-compilers-2022.1.0/mpi/2021.6.0/libfabric/lib;/sw/eb/sw/impi/2021.6.0-intel-compilers-2022.1.0/mpi/2021.6.0/lib/release;/sw/eb/sw/impi/2021.6.0-intel-compilers-2022.1.0/mpi/2021.6.0/lib;/sw/eb/sw/imkl/2022.1.0/mkl/2022.1.0/lib/intel64;/sw/eb/sw/imkl/2022.1.0/compiler/2022.1.0/linux/compiler/lib/intel64_lin;/sw/eb/sw/intel-compilers/2022.1.0/tbb/2021.6.0/lib/intel64/gcc4.8;/sw/eb/sw/intel-compilers/2022.1.0/compiler/2022.1.0/linux/compiler/lib/intel64_lin;/sw/eb/sw/intel-compilers/2022.1.0/compiler/2022.1.0/linux/lib/x64;/sw/eb/sw/intel-compilers/2022.1.0/compiler/2022.1.0/linux/lib;/sw/eb/sw/GCCcore/12.2.0/lib]
  implicit fwks: []




Detecting C [-std=c11] compiler features compiled with the following output:
Change Dir: /scratch/user/lukegu03/csce335/project/CMakeFiles/CMakeTmp

Run Build Command:"/usr/bin/gmake" "cmTC_b8aae/fast"
/usr/bin/gmake -f CMakeFiles/cmTC_b8aae.dir/build.make CMakeFiles/cmTC_b8aae.dir/build
gmake[1]: Entering directory '/scratch/user/lukegu03/csce335/project/CMakeFiles/CMakeTmp'
Building C object CMakeFiles/cmTC_b8aae.dir/feature_tests.c.o
/sw/eb/sw/GCCcore/12.2.0/bin/cc   -std=c11 -o CMakeFiles/cmTC_b8aae.dir/feature_tests.c.o   -c /scratch/user/lukegu03/csce335/project/CMakeFiles/feature_tests.c
Linking C executable cmTC_b8aae
/sw/eb/sw/CMake/3.12.1/bin/cmake -E cmake_link_script CMakeFiles/cmTC_b8aae.dir/link.txt --verbose=1
/sw/eb/sw/GCCcore/12.2.0/bin/cc      -rdynamic CMakeFiles/cmTC_b8aae.dir/feature_tests.c.o  -o cmTC_b8aae 
gmake[1]: Leaving directory '/scratch/user/lukegu03/csce335/project/CMakeFiles/CMakeTmp'


    Feature record: C_FEATURE:1c_function_prototypes
    Feature record: C_FEATURE:1c_restrict
    Feature record: C_FEATURE:1c_static_assert
    Feature record: C_FEATURE:1c_variadic_macros


Detecting C [-std=c99] compiler features compiled with the following output:
Change Dir: /scratch/user/lukegu03/csce335/project/CMakeFiles/CMakeTmp

Run Build Command:"/usr/bin/gmake" "cmTC_dc3ce/fast"
/usr/bin/gmake -f CMakeFiles/cmTC_dc3ce.dir/build.make CMakeFiles/cmTC_dc3ce.dir/build
gmake[1]: Entering directory '/scratch/user/lukegu03/csce335/project/CMakeFiles/CMakeTmp'
Building C object CMakeFiles/cmTC_dc3ce.dir/feature_tests.c.o
/sw/eb/sw/GCCcore/12.2.0/bin/cc   -std=c99 -o CMakeFiles/cmTC_dc3ce.dir/feature_tests.c.o   -c /scratch/user/lukegu03/csce335/project/CMakeFiles/feature_tests.c
Linking C executable cmTC_dc3ce
/sw/eb/sw/CMake/3.12.1/bin/cmake -E cmake_link_script CMakeFiles/cmTC_dc3ce.dir/link.txt --verbose=1
/sw/eb/sw/GCCcore/12.2.0/bin/cc      -rdynamic CMakeFiles/cmTC_dc3ce.dir/feature_tests.c.o  -o cmTC_dc3ce 
gmake[1]: Leaving directory '/scratch/user/lukegu03/csce335/project/CMakeFiles/CMakeTmp'


    Feature record: C_FEATURE:1c_function_prototypes
    Feature record: C_FEATURE:1c_restrict
    Feature record: C_FEATURE:0c_static_assert
    Feature record: C_FEATURE:1c_variadic_macros


Detecting C [-std=c90] compiler features compiled with the following output:
Change Dir: /scratch/user/lukegu03/csce335/project/CMakeFiles/CMakeTmp

Run Build Command:"/usr/bin/gmake" "cmTC_78ef1/fast"
/usr/bin/gmake -f CMakeFiles/cmTC_78ef1.dir/build.make CMakeFiles/cmTC_78ef1.dir/build
gmake[1]: Entering directory '/scratch/user/lukegu03/csce335/project/CMakeFiles/CMakeTmp'
Building C object CMakeFiles/cmTC_78ef1.dir/feature_tests.c.o
/sw/eb/sw/GCCcore/12.2.0/bin/cc   -std=c90 -o CMakeFiles/cmTC_78ef1.dir/feature_tests.c.o   -c /scratch/user/lukegu03/csce335/project/CMakeFiles/feature_tests.c
Linking C executable cmTC_78ef1
/sw/eb/sw/CMake/3.12.1/bin/cmake -E cmake_link_script CMakeFiles/cmTC_78ef1.dir/link.txt --verbose=1
/sw/eb/sw/GCCcore/12.2.0/bin/cc      -rdynamic CMakeFiles/cmTC_78ef1.dir/feature_tests.c.o  -o cmTC_78ef1 
gmake[1]: Leaving directory '/scratch/user/lukegu03/csce335/project/CMakeFiles/CMakeTmp'


    Feature record: C_FEATURE:1c_function_prototypes
    Feature record: C_FEATURE:0c_restrict
    Feature record: C_FEATURE:0c_static_assert
    Feature record: C_FEATURE:0c_variadic_macros
Determining if the CXX compiler works passed with the following output:
Change Dir: /scratch/user/lukegu03/csce335/project/CMakeFiles/CMakeTmp

Run Build Command:"/usr/bin/gmake" "cmTC_500aa/fast"
/usr/bin/gmake -f CMakeFiles/cmTC_500aa.dir/build.make CMakeFiles/cmTC_500aa.dir/build
gmake[1]: Entering directory '/scratch/user/lukegu03/csce335/project/CMakeFiles/CMakeTmp'
Building CXX object CMakeFiles/cmTC_500aa.dir/testCXXCompiler.cxx.o
/sw/eb/sw/GCCcore/12.2.0/bin/c++     -o CMakeFiles/cmTC_500aa.dir/testCXXCompiler.cxx.o -c /scratch/user/lukegu03/csce335/project/CMakeFiles/CMakeTmp/testCXXCompiler.cxx
Linking CXX executable cmTC_500aa
/sw/eb/sw/CMake/3.12.1/bin/cmake -E cmake_link_script CMakeFiles/cmTC_500aa.dir/link.txt --verbose=1
/sw/eb/sw/GCCcore/12.2.0/bin/c++       -rdynamic CMakeFiles/cmTC_500aa.dir/testCXXCompiler.cxx.o  -o cmTC_500aa 
gmake[1]: Leaving directory '/scratch/user/lukegu03/csce335/project/CMakeFiles/CMakeTmp'


Detecting CXX compiler ABI info compiled with the following output:
Change Dir: /scratch/user/lukegu03/csce335/project/CMakeFiles/CMakeTmp

Run Build Command:"/usr/bin/gmake" "cmTC_1d23f/fast"
/usr/bin/gmake -f CMakeFiles/cmTC_1d23f.dir/build.make CMakeFiles/cmTC_1d23f.dir/build
gmake[1]: Entering directory '/scratch/user/lukegu03/csce335/project/CMakeFiles/CMakeTmp'
Building CXX object CMakeFiles/cmTC_1d23f.dir/CMakeCXXCompilerABI.cpp.o
/sw/eb/sw/GCCcore/12.2.0/bin/c++     -o CMakeFiles/cmTC_1d23f.dir/CMakeCXXCompilerABI.cpp.o -c /sw/eb/sw/CMake/3.12.1/share/cmake-3.12/Modules/CMakeCXXCompilerABI.cpp
Linking CXX executable cmTC_1d23f
/sw/eb/sw/CMake/3.12.1/bin/cmake -E cmake_link_script CMakeFiles/cmTC_1d23f.dir/link.txt --verbose=1
/sw/eb/sw/GCCcore/12.2.0/bin/c++      -v -rdynamic CMakeFiles/cmTC_1d23f.dir/CMakeCXXCompilerABI.cpp.o  -o cmTC_1d23f 
Using built-in specs.
COLLECT_GCC=/sw/eb/sw/GCCcore/12.2.0/bin/c++
COLLECT_LTO_WRAPPER=/sw/eb/sw/GCCcore/12.2.0/libexec/gcc/x86_64-pc-linux-gnu/12.2.0/lto-wrapper
OFFLOAD_TARGET_NAMES=nvptx-none
Target: x86_64-pc-linux-gnu
Configured with: ../configure --enable-languages=c,c++,fortran --without-cuda-driver --enable-offload-targets=nvptx-none --enable-lto --enable-checking=release --disable-multilib --enable-shared=yes --enable-static=yes --enable-threads=posix --enable-plugins --enable-gold --enable-ld=default --prefix=/sw/eb/sw/GCCcore/12.2.0 --with-local-prefix=/sw/eb/sw/GCCcore/12.2.0 --enable-bootstrap --with-isl=/tmp/baum/easybuild/GCCcore/12.2.0/system-system/gcc-12.2.0/stage2_stuff --build=x86_64-pc-linux-gnu --host=x86_64-pc-linux-gnu
Thread model: posix
Supported LTO compression algorithms: zlib zstd
gcc version 12.2.0 (GCC) 
COMPILER_PATH=/sw/eb/sw/GCCcore/12.2.0/libexec/gcc/x86_64-pc-linux-gnu/12.2.0/:/sw/eb/sw/GCCcore/12.2.0/libexec/gcc/x86_64-pc-linux-gnu/12.2.0/:/sw/eb/sw/GCCcore/12.2.0/libexec/gcc/x86_64-pc-linux-gnu/:/sw/eb/sw/GCCcore/12.2.0/lib/gcc/x86_64-pc-linux-gnu/12.2.0/:/sw/eb/sw/GCCcore/12.2.0/lib/gcc/x86_64-pc-linux-gnu/
LIBRARY_PATH=/sw/eb/sw/PAPI/7.0.1-GCCcore-12.2.0/lib/../lib64/:/sw/eb/sw/zlib/1.2.12-GCCcore-12.2.0/lib/../lib64/:/sw/eb/sw/binutils/2.38/lib/../lib64/:/sw/eb/sw/GCCcore/12.2.0/lib/gcc/x86_64-pc-linux-gnu/12.2.0/:/sw/eb/sw/GCCcore/12.2.0/lib/gcc/x86_64-pc-linux-gnu/12.2.0/../../../../lib64/:/lib/../lib64/:/usr/lib/../lib64/:/sw/eb/sw/PAPI/7.0.1-GCCcore-12.2.0/lib/:/sw/eb/sw/zlib/1.2.12-GCCcore-12.2.0/lib/:/sw/eb/sw/binutils/2.38/lib/:/sw/eb/sw/imkl-FFTW/2022.1.0-iimpi-2022a/lib/:/sw/eb/sw/impi/2021.6.0-intel-compilers-2022.1.0/mpi/2021.6.0/libfabric/lib/:/sw/eb/sw/impi/2021.6.0-intel-compilers-2022.1.0/mpi/2021.6.0/lib/release/:/sw/eb/sw/impi/2021.6.0-intel-compilers-2022.1.0/mpi/2021.6.0/lib/:/sw/eb/sw/imkl/2022.1.0/mkl/2022.1.0/lib/intel64/:/sw/eb/sw/imkl/2022.1.0/compiler/2022.1.0/linux/compiler/lib/intel64_lin/:/sw/eb/sw/intel-compilers/2022.1.0/tbb/2021.6.0/lib/intel64/gcc4.8/:/sw/eb/sw/intel-compilers/2022.1.0/compiler/2022.1.0/linux/compiler/lib/intel64_lin/:/sw/eb/sw/intel-compilers/2022.1.0/compiler/2022.1.0/linux/lib/x64/:/sw/eb/sw/intel-compilers/2022.1.0/compiler/2022.1.0/linux/lib/:/sw/eb/sw/GCCcore/12.2.0/lib/gcc/x86_64-pc-linux-gnu/12.2.0/../../../:/lib/:/usr/lib/
COLLECT_GCC_OPTIONS='-v' '-rdynamic' '-o' 'cmTC_1d23f' '-shared-libgcc' '-mtune=generic' '-march=x86-64' '-dumpdir' 'cmTC_1d23f.'
 /sw/eb/sw/GCCcore/12.2.0/libexec/gcc/x86_64-pc-linux-gnu/12.2.0/collect2 -plugin /sw/eb/sw/GCCcore/12.2.0/libexec/gcc/x86_64-pc-linux-gnu/12.2.0/liblto_plugin.so -plugin-opt=/sw/eb/sw/GCCcore/12.2.0/libexec/gcc/x86_64-pc-linux-gnu/12.2.0/lto-wrapper -plugin-opt=-fresolution=/tmp/ccdfgH1Z.res -plugin-opt=-pass-through=-lgcc_s -plugin-opt=-pass-through=-lgcc -plugin-opt=-pass-through=-lc -plugin-opt=-pass-through=-lgcc_s -plugin-opt=-pass-through=-lgcc --eh-frame-hdr -m elf_x86_64 -export-dynamic -dynamic-linker /lib64/ld-linux-x86-64.so.2 -o cmTC_1d23f /lib/../lib64/crt1.o /lib/../lib64/crti.o /sw/eb/sw/GCCcore/12.2.0/lib/gcc/x86_64-pc-linux-gnu/12.2.0/crtbegin.o -L/sw/eb/sw/PAPI/7.0.1-GCCcore-12.2.0/lib/../lib64 -L/sw/eb/sw/zlib/1.2.12-GCCcore-12.2.0/lib/../lib64 -L/sw/eb/sw/binutils/2.38/lib/../lib64 -L/sw/eb/sw/GCCcore/12.2.0/lib/gcc/x86_64-pc-linux-gnu/12.2.0 -L/sw/eb/sw/GCCcore/12.2.0/lib/gcc/x86_64-pc-linux-gnu/12.2.0/../../../../lib64 -L/lib/../lib64 -L/usr/lib/../lib64 -L/sw/eb/sw/PAPI/7.0.1-GCCcore-12.2.0/lib -L/sw/eb/sw/zlib/1.2.12-GCCcore-12.2.0/lib -L/sw/eb/sw/binutils/2.38/lib -L/sw/eb/sw/imkl-FFTW/2022.1.0-iimpi-2022a/lib -L/sw/eb/sw/impi/2021.6.0-intel-compilers-2022.1.0/mpi/2021.6.0/libfabric/lib -L/sw/eb/sw/impi/2021.6.0-intel-compilers-2022.1.0/mpi/2021.6.0/lib/release -L/sw/eb/sw/impi/2021.6.0-intel-compilers-2022.1.0/mpi/2021.6.0/lib -L/sw/eb/sw/imkl/2022.1.0/mkl/2022.1.0/lib/intel64 -L/sw/eb/sw/imkl/2022.1.0/compiler/2022.1.0/linux/compiler/lib/intel64_lin -L/sw/eb/sw/intel-compilers/2022.1.0/tbb/2021.6.0/lib/intel64/gcc4.8 -L/sw/eb/sw/intel-compilers/2022.1.0/compiler/2022.1.0/linux/compiler/lib/intel64_lin -L/sw/eb/sw/intel-compilers/2022.1.0/compiler/2022.1.0/linux/lib/x64 -L/sw/eb/sw/intel-compilers/2022.1.0/compiler/2022.1.0/linux/lib -L/sw/eb/sw/GCCcore/12.2.0/lib/gcc/x86_64-pc-linux-gnu/12.2.0/../../.. CMakeFiles/cmTC_1d23f.dir/CMakeCXXCompilerABI.cpp.o -lstdc++ -lm -lgcc_s -lgcc -lc -lgcc_s -lgcc /sw/eb/sw/GCCcore/12.2.0/lib/gcc/x86_64-pc-linux-gnu/12.2.0/crtend.o /lib/../lib64/crtn.o
COLLECT_GCC_OPTIONS='-v' '-rdynamic' '-o' 'cmTC_1d23f' '-shared-libgcc' '-mtune=generic' '-march=x86-64' '-dumpdir' 'cmTC_1d23f.'
gmake[1]: Leaving directory '/scratch/user/lukegu03/csce335/project/CMakeFiles/CMakeTmp'


Parsed CXX implicit link information from above output:
  link line regex: [^( *|.*[/\])(ld|CMAKE_LINK_STARTFILE-NOTFOUND|([^/\]+-)?ld|collect2)[^/\]*( |$)]
  ignore line: [Change Dir: /scratch/user/lukegu03/csce335/project/CMakeFiles/CMakeTmp]
  ignore line: []
  ignore line: [Run Build Command:"/usr/bin/gmake" "cmTC_1d23f/fast"]
  ignore line: [/usr/bin/gmake -f CMakeFiles/cmTC_1d23f.dir/build.make CMakeFiles/cmTC_1d23f.dir/build]
  ignore line: [gmake[1]: Entering directory '/scratch/user/lukegu03/csce335/project/CMakeFiles/CMakeTmp']
  ignore line: [Building CXX object CMakeFiles/cmTC_1d23f.dir/CMakeCXXCompilerABI.cpp.o]
  ignore line: [/sw/eb/sw/GCCcore/12.2.0/bin/c++     -o CMakeFiles/cmTC_1d23f.dir/CMakeCXXCompilerABI.cpp.o -c /sw/eb/sw/CMake/3.12.1/share/cmake-3.12/Modules/CMakeCXXCompilerABI.cpp]
  ignore line: [Linking CXX executable cmTC_1d23f]
  ignore line: [/sw/eb/sw/CMake/3.12.1/bin/cmake -E cmake_link_script CMakeFiles/cmTC_1d23f.dir/link.txt --verbose=1]
  ignore line: [/sw/eb/sw/GCCcore/12.2.0/bin/c++      -v -rdynamic CMakeFiles/cmTC_1d23f.dir/CMakeCXXCompilerABI.cpp.o  -o cmTC_1d23f ]
  ignore line: [Using built-in specs.]
  ignore line: [COLLECT_GCC=/sw/eb/sw/GCCcore/12.2.0/bin/c++]
  ignore line: [COLLECT_LTO_WRAPPER=/sw/eb/sw/GCCcore/12.2.0/libexec/gcc/x86_64-pc-linux-gnu/12.2.0/lto-wrapper]
  ignore line: [OFFLOAD_TARGET_NAMES=nvptx-none]
  ignore line: [Target: x86_64-pc-linux-gnu]
  ignore line: [Configured with: ../configure --enable-languages=c,c++,fortran --without-cuda-driver --enable-offload-targets=nvptx-none --enable-lto --enable-checking=release --disable-multilib --enable-shared=yes --enable-static=yes --enable-threads=posix --enable-plugins --enable-gold --enable-ld=default --prefix=/sw/eb/sw/GCCcore/12.2.0 --with-local-prefix=/sw/eb/sw/GCCcore/12.2.0 --enable-bootstrap --with-isl=/tmp/baum/easybuild/GCCcore/12.2.0/system-system/gcc-12.2.0/stage2_stuff --build=x86_64-pc-linux-gnu --host=x86_64-pc-linux-gnu]
  ignore line: [Thread model: posix]
  ignore line: [Supported LTO compression algorithms: zlib zstd]
  ignore line: [gcc version 12.2.0 (GCC) ]
  ignore line: [COMPILER_PATH=/sw/eb/sw/GCCcore/12.2.0/libexec/gcc/x86_64-pc-linux-gnu/12.2.0/:/sw/eb/sw/GCCcore/12.2.0/libexec/gcc/x86_64-pc-linux-gnu/12.2.0/:/sw/eb/sw/GCCcore/12.2.0/libexec/gcc/x86_64-pc-linux-gnu/:/sw/eb/sw/GCCcore/12.2.0/lib/gcc/x86_64-pc-linux-gnu/12.2.0/:/sw/eb/sw/GCCcore/12.2.0/lib/gcc/x86_64-pc-linux-gnu/]
  ignore line: [LIBRARY_PATH=/sw/eb/sw/PAPI/7.0.1-GCCcore-12.2.0/lib/../lib64/:/sw/eb/sw/zlib/1.2.12-GCCcore-12.2.0/lib/../lib64/:/sw/eb/sw/binutils/2.38/lib/../lib64/:/sw/eb/sw/GCCcore/12.2.0/lib/gcc/x86_64-pc-linux-gnu/12.2.0/:/sw/eb/sw/GCCcore/12.2.0/lib/gcc/x86_64-pc-linux-gnu/12.2.0/../../../../lib64/:/lib/../lib64/:/usr/lib/../lib64/:/sw/eb/sw/PAPI/7.0.1-GCCcore-12.2.0/lib/:/sw/eb/sw/zlib/1.2.12-GCCcore-12.2.0/lib/:/sw/eb/sw/binutils/2.38/lib/:/sw/eb/sw/imkl-FFTW/2022.1.0-iimpi-2022a/lib/:/sw/eb/sw/impi/2021.6.0-intel-compilers-2022.1.0/mpi/2021.6.0/libfabric/lib/:/sw/eb/sw/impi/2021.6.0-intel-compilers-2022.1.0/mpi/2021.6.0/lib/release/:/sw/eb/sw/impi/2021.6.0-intel-compilers-2022.1.0/mpi/2021.6.0/lib/:/sw/eb/sw/imkl/2022.1.0/mkl/2022.1.0/lib/intel64/:/sw/eb/sw/imkl/2022.1.0/compiler/2022.1.0/linux/compiler/lib/intel64_lin/:/sw/eb/sw/intel-compilers/2022.1.0/tbb/2021.6.0/lib/intel64/gcc4.8/:/sw/eb/sw/intel-compilers/2022.1.0/compiler/2022.1.0/linux/compiler/lib/intel64_lin/:/sw/eb/sw/intel-compilers/2022.1.0/compiler/2022.1.0/linux/lib/x64/:/sw/eb/sw/intel-compilers/2022.1.0/compiler/2022.1.0/linux/lib/:/sw/eb/sw/GCCcore/12.2.0/lib/gcc/x86_64-pc-linux-gnu/12.2.0/../../../:/lib/:/usr/lib/]
  ignore line: [COLLECT_GCC_OPTIONS='-v' '-rdynamic' '-o' 'cmTC_1d23f' '-shared-libgcc' '-mtune=generic' '-march=x86-64' '-dumpdir' 'cmTC_1d23f.']
  link line: [ /sw/eb/sw/GCCcore/12.2.0/libexec/gcc/x86_64-pc-linux-gnu/12.2.0/collect2 -plugin /sw/eb/sw/GCCcore/12.2.0/libexec/gcc/x86_64-pc-linux-gnu/12.2.0/liblto_plugin.so -plugin-opt=/sw/eb/sw/GCCcore/12.2.0/libexec/gcc/x86_64-pc-linux-gnu/12.2.0/lto-wrapper -plugin-opt=-fresolution=/tmp/ccdfgH1Z.res -plugin-opt=-pass-through=-lgcc_s -plugin-opt=-pass-through=-lgcc -plugin-opt=-pass-through=-lc -plugin-opt=-pass-through=-lgcc_s -plugin-opt=-pass-through=-lgcc --eh-frame-hdr -m elf_x86_64 -export-dynamic -dynamic-linker /lib64/ld-linux-x86-64.so.2 -o cmTC_1d23f /lib/../lib64/crt1.o /lib/../lib64/crti.o /sw/eb/sw/GCCcore/12.2.0/lib/gcc/x86_64-pc-linux-gnu/12.2.0/crtbegin.o -L/sw/eb/sw/PAPI/7.0.1-GCCcore-12.2.0/lib/../lib64 -L/sw/eb/sw/zlib/1.2.12-GCCcore-12.2.0/lib/../lib64 -L/sw/eb/sw/binutils/2.38/lib/../lib64 -L/sw/eb/sw/GCCcore/12.2.0/lib/gcc/x86_64-pc-linux-gnu/12.2.0 -L/sw/eb/sw/GCCcore/12.2.0/lib/gcc/x86_64-pc-linux-gnu/12.2.0/../../../../lib64 -L/lib/../lib64 -L/usr/lib/../lib64 -L/sw/eb/sw/PAPI/7.0.1-GCCcore-12.2.0/lib -L/sw/eb/sw/zlib/1.2.12-GCCcore-12.2.0/lib -L/sw/eb/sw/binutils/2.38/lib -L/sw/eb/sw/imkl-FFTW/2022.1.0-iimpi-2022a/lib -L/sw/eb/sw/impi/2021.6.0-intel-compilers-2022.1.0/mpi/2021.6.0/libfabric/lib -L/sw/eb/sw/impi/2021.6.0-intel-compilers-2022.1.0/mpi/2021.6.0/lib/release -L/sw/eb/sw/impi/2021.6.0-intel-compilers-2022.1.0/mpi/2021.6.0/lib -L/sw/eb/sw/imkl/2022.1.0/mkl/2022.1.0/lib/intel64 -L/sw/eb/sw/imkl/2022.1.0/compiler/2022.1.0/linux/compiler/lib/intel64_lin -L/sw/eb/sw/intel-compilers/2022.1.0/tbb/2021.6.0/lib/intel64/gcc4.8 -L/sw/eb/sw/intel-compilers/2022.1.0/compiler/2022.1.0/linux/compiler/lib/intel64_lin -L/sw/eb/sw/intel-compilers/2022.1.0/compiler/2022.1.0/linux/lib/x64 -L/sw/eb/sw/intel-compilers/2022.1.0/compiler/2022.1.0/linux/lib -L/sw/eb/sw/GCCcore/12.2.0/lib/gcc/x86_64-pc-linux-gnu/12.2.0/../../.. CMakeFiles/cmTC_1d23f.dir/CMakeCXXCompilerABI.cpp.o -lstdc++ -lm -lgcc_s -lgcc -lc -lgcc_s -lgcc /sw/eb/sw/GCCcore/12.2.0/lib/gcc/x86_64-pc-linux-gnu/12.2.0/crtend.o /lib/../lib64/crtn.o]
    arg [/sw/eb/sw/GCCcore/12.2.0/libexec/gcc/x86_64-pc-linux-gnu/12.2.0/collect2] ==> ignore
    arg [-plugin] ==> ignore
    arg [/sw/eb/sw/GCCcore/12.2.0/libexec/gcc/x86_64-pc-linux-gnu/12.2.0/liblto_plugin.so] ==> ignore
    arg [-plugin-opt=/sw/eb/sw/GCCcore/12.2.0/libexec/gcc/x86_64-pc-linux-gnu/12.2.0/lto-wrapper] ==> ignore
    arg [-plugin-opt=-fresolution=/tmp/ccdfgH1Z.res] ==> ignore
    arg [-plugin-opt=-pass-through=-lgcc_s] ==> ignore
    arg [-plugin-opt=-pass-through=-lgcc] ==> ignore
    arg [-plugin-opt=-pass-through=-lc] ==> ignore
    arg [-plugin-opt=-pass-through=-lgcc_s] ==> ignore
    arg [-plugin-opt=-pass-through=-lgcc] ==> ignore
    arg [--eh-frame-hdr] ==> ignore
    arg [-m] ==> ignore
    arg [elf_x86_64] ==> ignore
    arg [-export-dynamic] ==> ignore
    arg [-dynamic-linker] ==> ignore
    arg [/lib64/ld-linux-x86-64.so.2] ==> ignore
    arg [-o] ==> ignore
    arg [cmTC_1d23f] ==> ignore
    arg [/lib/../lib64/crt1.o] ==> ignore
    arg [/lib/../lib64/crti.o] ==> ignore
    arg [/sw/eb/sw/GCCcore/12.2.0/lib/gcc/x86_64-pc-linux-gnu/12.2.0/crtbegin.o] ==> ignore
    arg [-L/sw/eb/sw/PAPI/7.0.1-GCCcore-12.2.0/lib/../lib64] ==> dir [/sw/eb/sw/PAPI/7.0.1-GCCcore-12.2.0/lib/../lib64]
    arg [-L/sw/eb/sw/zlib/1.2.12-GCCcore-12.2.0/lib/../lib64] ==> dir [/sw/eb/sw/zlib/1.2.12-GCCcore-12.2.0/lib/../lib64]
    arg [-L/sw/eb/sw/binutils/2.38/lib/../lib64] ==> dir [/sw/eb/sw/binutils/2.38/lib/../lib64]
    arg [-L/sw/eb/sw/GCCcore/12.2.0/lib/gcc/x86_64-pc-linux-gnu/12.2.0] ==> dir [/sw/eb/sw/GCCcore/12.2.0/lib/gcc/x86_64-pc-linux-gnu/12.2.0]
    arg [-L/sw/eb/sw/GCCcore/12.2.0/lib/gcc/x86_64-pc-linux-gnu/12.2.0/../../../../lib64] ==> dir [/sw/eb/sw/GCCcore/12.2.0/lib/gcc/x86_64-pc-linux-gnu/12.2.0/../../../../lib64]
    arg [-L/lib/../lib64] ==> dir [/lib/../lib64]
    arg [-L/usr/lib/../lib64] ==> dir [/usr/lib/../lib64]
    arg [-L/sw/eb/sw/PAPI/7.0.1-GCCcore-12.2.0/lib] ==> dir [/sw/eb/sw/PAPI/7.0.1-GCCcore-12.2.0/lib]
    arg [-L/sw/eb/sw/zlib/1.2.12-GCCcore-12.2.0/lib] ==> dir [/sw/eb/sw/zlib/1.2.12-GCCcore-12.2.0/lib]
    arg [-L/sw/eb/sw/binutils/2.38/lib] ==> dir [/sw/eb/sw/binutils/2.38/lib]
    arg [-L/sw/eb/sw/imkl-FFTW/2022.1.0-iimpi-2022a/lib] ==> dir [/sw/eb/sw/imkl-FFTW/2022.1.0-iimpi-2022a/lib]
    arg [-L/sw/eb/sw/impi/2021.6.0-intel-compilers-2022.1.0/mpi/2021.6.0/libfabric/lib] ==> dir [/sw/eb/sw/impi/2021.6.0-intel-compilers-2022.1.0/mpi/2021.6.0/libfabric/lib]
    arg [-L/sw/eb/sw/impi/2021.6.0-intel-compilers-2022.1.0/mpi/2021.6.0/lib/release] ==> dir [/sw/eb/sw/impi/2021.6.0-intel-compilers-2022.1.0/mpi/2021.6.0/lib/release]
    arg [-L/sw/eb/sw/impi/2021.6.0-intel-compilers-2022.1.0/mpi/2021.6.0/lib] ==> dir [/sw/eb/sw/impi/2021.6.0-intel-compilers-2022.1.0/mpi/2021.6.0/lib]
    arg [-L/sw/eb/sw/imkl/2022.1.0/mkl/2022.1.0/lib/intel64] ==> dir [/sw/eb/sw/imkl/2022.1.0/mkl/2022.1.0/lib/intel64]
    arg [-L/sw/eb/sw/imkl/2022.1.0/compiler/2022.1.0/linux/compiler/lib/intel64_lin] ==> dir [/sw/eb/sw/imkl/2022.1.0/compiler/2022.1.0/linux/compiler/lib/intel64_lin]
    arg [-L/sw/eb/sw/intel-compilers/2022.1.0/tbb/2021.6.0/lib/intel64/gcc4.8] ==> dir [/sw/eb/sw/intel-compilers/2022.1.0/tbb/2021.6.0/lib/intel64/gcc4.8]
    arg [-L/sw/eb/sw/intel-compilers/2022.1.0/compiler/2022.1.0/linux/compiler/lib/intel64_lin] ==> dir [/sw/eb/sw/intel-compilers/2022.1.0/compiler/2022.1.0/linux/compiler/lib/intel64_lin]
    arg [-L/sw/eb/sw/intel-compilers/2022.1.0/compiler/2022.1.0/linux/lib/x64] ==> dir [/sw/eb/sw/intel-compilers/2022.1.0/compiler/2022.1.0/linux/lib/x64]
    arg [-L/sw/eb/sw/intel-compilers/2022.1.0/compiler/2022.1.0/linux/lib] ==> dir [/sw/eb/sw/intel-compilers/2022.1.0/compiler/2022.1.0/linux/lib]
    arg [-L/sw/eb/sw/GCCcore/12.2.0/lib/gcc/x86_64-pc-linux-gnu/12.2.0/../../..] ==> dir [/sw/eb/sw/GCCcore/12.2.0/lib/gcc/x86_64-pc-linux-gnu/12.2.0/../../..]
    arg [CMakeFiles/cmTC_1d23f.dir/CMakeCXXCompilerABI.cpp.o] ==> ignore
    arg [-lstdc++] ==> lib [stdc++]
    arg [-lm] ==> lib [m]
    arg [-lgcc_s] ==> lib [gcc_s]
    arg [-lgcc] ==> lib [gcc]
    arg [-lc] ==> lib [c]
    arg [-lgcc_s] ==> lib [gcc_s]
    arg [-lgcc] ==> lib [gcc]
    arg [/sw/eb/sw/GCCcore/12.2.0/lib/gcc/x86_64-pc-linux-gnu/12.2.0/crtend.o] ==> ignore
    arg [/lib/../lib64/crtn.o] ==> ignore
  collapse library dir [/sw/eb/sw/PAPI/7.0.1-GCCcore-12.2.0/lib/../lib64] ==> [/sw/eb/sw/PAPI/7.0.1-GCCcore-12.2.0/lib64]
  collapse library dir [/sw/eb/sw/zlib/1.2.12-GCCcore-12.2.0/lib/../lib64] ==> [/sw/eb/sw/zlib/1.2.12-GCCcore-12.2.0/lib64]
  collapse library dir [/sw/eb/sw/binutils/2.38/lib/../lib64] ==> [/sw/eb/sw/binutils/2.38/lib64]
  collapse library dir [/sw/eb/sw/GCCcore/12.2.0/lib/gcc/x86_64-pc-linux-gnu/12.2.0] ==> [/sw/eb/sw/GCCcore/12.2.0/lib/gcc/x86_64-pc-linux-gnu/12.2.0]
  collapse library dir [/sw/eb/sw/GCCcore/12.2.0/lib/gcc/x86_64-pc-linux-gnu/12.2.0/../../../../lib64] ==> [/sw/eb/sw/GCCcore/12.2.0/lib64]
  collapse library dir [/lib/../lib64] ==> [/lib64]
  collapse library dir [/usr/lib/../lib64] ==> [/usr/lib64]
  collapse library dir [/sw/eb/sw/PAPI/7.0.1-GCCcore-12.2.0/lib] ==> [/sw/eb/sw/PAPI/7.0.1-GCCcore-12.2.0/lib]
  collapse library dir [/sw/eb/sw/zlib/1.2.12-GCCcore-12.2.0/lib] ==> [/sw/eb/sw/zlib/1.2.12-GCCcore-12.2.0/lib]
  collapse library dir [/sw/eb/sw/binutils/2.38/lib] ==> [/sw/eb/sw/binutils/2.38/lib]
  collapse library dir [/sw/eb/sw/imkl-FFTW/2022.1.0-iimpi-2022a/lib] ==> [/sw/eb/sw/imkl-FFTW/2022.1.0-iimpi-2022a/lib]
  collapse library dir [/sw/eb/sw/impi/2021.6.0-intel-compilers-2022.1.0/mpi/2021.6.0/libfabric/lib] ==> [/sw/eb/sw/impi/2021.6.0-intel-compilers-2022.1.0/mpi/2021.6.0/libfabric/lib]
  collapse library dir [/sw/eb/sw/impi/2021.6.0-intel-compilers-2022.1.0/mpi/2021.6.0/lib/release] ==> [/sw/eb/sw/impi/2021.6.0-intel-compilers-2022.1.0/mpi/2021.6.0/lib/release]
  collapse library dir [/sw/eb/sw/impi/2021.6.0-intel-compilers-2022.1.0/mpi/2021.6.0/lib] ==> [/sw/eb/sw/impi/2021.6.0-intel-compilers-2022.1.0/mpi/2021.6.0/lib]
  collapse library dir [/sw/eb/sw/imkl/2022.1.0/mkl/2022.1.0/lib/intel64] ==> [/sw/eb/sw/imkl/2022.1.0/mkl/2022.1.0/lib/intel64]
  collapse library dir [/sw/eb/sw/imkl/2022.1.0/compiler/2022.1.0/linux/compiler/lib/intel64_lin] ==> [/sw/eb/sw/imkl/2022.1.0/compiler/2022.1.0/linux/compiler/lib/intel64_lin]
  collapse library dir [/sw/eb/sw/intel-compilers/2022.1.0/tbb/2021.6.0/lib/intel64/gcc4.8] ==> [/sw/eb/sw/intel-compilers/2022.1.0/tbb/2021.6.0/lib/intel64/gcc4.8]
  collapse library dir [/sw/eb/sw/intel-compilers/2022.1.0/compiler/2022.1.0/linux/compiler/lib/intel64_lin] ==> [/sw/eb/sw/intel-compilers/2022.1.0/compiler/2022.1.0/linux/compiler/lib/intel64_lin]
  collapse library dir [/sw/eb/sw/intel-compilers/2022.1.0/compiler/2022.1.0/linux/lib/x64] ==> [/sw/eb/sw/intel-compilers/2022.1.0/compiler/2022.1.0/linux/lib/x64]
  collapse library dir [/sw/eb/sw/intel-compilers/2022.1.0/compiler/2022.1.0/linux/lib] ==> [/sw/eb/sw/intel-compilers/2022.1.0/compiler/2022.1.0/linux/lib]
  collapse library dir [/sw/eb/sw/GCCcore/12.2.0/lib/gcc/x86_64-pc-linux-gnu/12.2.0/../../..] ==> [/sw/eb/sw/GCCcore/12.2.0/lib]
  implicit libs: [stdc++;m;gcc_s;gcc;c;gcc_s;gcc]
  implicit dirs: [/sw/eb/sw/PAPI/7.0.1-GCCcore-12.2.0/lib64;/sw/eb/sw/zlib/1.2.12-GCCcore-12.2.0/lib64;/sw/eb/sw/binutils/2.38/lib64;/sw/eb/sw/GCCcore/12.2.0/lib/gcc/x86_64-pc-linux-gnu/12.2.0;/sw/eb/sw/GCCcore/12.2.0/lib64;/lib64;/usr/lib64;/sw/eb/sw/PAPI/7.0.1-GCCcore-12.2.0/lib;/sw/eb/sw/zlib/1.2.12-GCCcore-12.2.0/lib;/sw/eb/sw/binutils/2.38/lib;/sw/eb/sw/imkl-FFTW/2022.1.0-iimpi-2022a/lib;/sw/eb/sw/impi/2021.6.0-intel-compilers-2022.1.0/mpi/2021.6.0/libfabric/lib;/sw/eb/sw/impi/2021.6.0-intel-compilers-2022.1.0/mpi/2021.6.0/lib/release;/sw/eb/sw/impi/2021.6.0-intel-compilers-2022.1.0/mpi/2021.6.0/lib;/sw/eb/sw/imkl/2022.1.0/mkl/2022.1.0/lib/intel64;/sw/eb/sw/imkl/2022.1.0/compiler/2022.1.0/linux/compiler/lib/intel64_lin;/sw/eb/sw/intel-compilers/2022.1.0/tbb/2021.6.0/lib/intel64/gcc4.8;/sw/eb/sw/intel-compilers/2022.1.0/compiler/2022.1.0/linux/compiler/lib/intel64_lin;/sw/eb/sw/intel-compilers/2022.1.0/compiler/2022.1.0/linux/lib/x64;/sw/eb/sw/intel-compilers/2022.1.0/compiler/2022.1.0/linux/lib;/sw/eb/sw/GCCcore/12.2.0/lib]
  implicit fwks: []




Detecting CXX [-std=c++2a] compiler features compiled with the following output:
Change Dir: /scratch/user/lukegu03/csce335/project/CMakeFiles/CMakeTmp

Run Build Command:"/usr/bin/gmake" "cmTC_e87fe/fast"
/usr/bin/gmake -f CMakeFiles/cmTC_e87fe.dir/build.make CMakeFiles/cmTC_e87fe.dir/build
gmake[1]: Entering directory '/scratch/user/lukegu03/csce335/project/CMakeFiles/CMakeTmp'
Building CXX object CMakeFiles/cmTC_e87fe.dir/feature_tests.cxx.o
/sw/eb/sw/GCCcore/12.2.0/bin/c++    -std=c++2a -o CMakeFiles/cmTC_e87fe.dir/feature_tests.cxx.o -c /scratch/user/lukegu03/csce335/project/CMakeFiles/feature_tests.cxx
Linking CXX executable cmTC_e87fe
/sw/eb/sw/CMake/3.12.1/bin/cmake -E cmake_link_script CMakeFiles/cmTC_e87fe.dir/link.txt --verbose=1
/sw/eb/sw/GCCcore/12.2.0/bin/c++       -rdynamic CMakeFiles/cmTC_e87fe.dir/feature_tests.cxx.o  -o cmTC_e87fe 
gmake[1]: Leaving directory '/scratch/user/lukegu03/csce335/project/CMakeFiles/CMakeTmp'


    Feature record: CXX_FEATURE:1cxx_aggregate_default_initializers
    Feature record: CXX_FEATURE:1cxx_alias_templates
    Feature record: CXX_FEATURE:1cxx_alignas
    Feature record: CXX_FEATURE:1cxx_alignof
    Feature record: CXX_FEATURE:1cxx_attributes
    Feature record: CXX_FEATURE:1cxx_attribute_deprecated
    Feature record: CXX_FEATURE:1cxx_auto_type
    Feature record: CXX_FEATURE:1cxx_binary_literals
    Feature record: CXX_FEATURE:1cxx_constexpr
    Feature record: CXX_FEATURE:1cxx_contextual_conversions
    Feature record: CXX_FEATURE:1cxx_decltype
    Feature record: CXX_FEATURE:1cxx_decltype_auto
    Feature record: CXX_FEATURE:1cxx_decltype_incomplete_return_types
    Feature record: CXX_FEATURE:1cxx_default_function_template_args
    Feature record: CXX_FEATURE:1cxx_defaulted_functions
    Feature record: CXX_FEATURE:1cxx_defaulted_move_initializers
    Feature record: CXX_FEATURE:1cxx_delegating_constructors
    Feature record: CXX_FEATURE:1cxx_deleted_functions
    Feature record: CXX_FEATURE:1cxx_digit_separators
    Feature record: CXX_FEATURE:1cxx_enum_forward_declarations
    Feature record: CXX_FEATURE:1cxx_explicit_conversions
    Feature record: CXX_FEATURE:1cxx_extended_friend_declarations
    Feature record: CXX_FEATURE:1cxx_extern_templates
    Feature record: CXX_FEATURE:1cxx_final
    Feature record: CXX_FEATURE:1cxx_func_identifier
    Feature record: CXX_FEATURE:1cxx_generalized_initializers
    Feature record: CXX_FEATURE:1cxx_generic_lambdas
    Feature record: CXX_FEATURE:1cxx_inheriting_constructors
    Feature record: CXX_FEATURE:1cxx_inline_namespaces
    Feature record: CXX_FEATURE:1cxx_lambdas
    Feature record: CXX_FEATURE:1cxx_lambda_init_captures
    Feature record: CXX_FEATURE:1cxx_local_type_template_args
    Feature record: CXX_FEATURE:1cxx_long_long_type
    Feature record: CXX_FEATURE:1cxx_noexcept
    Feature record: CXX_FEATURE:1cxx_nonstatic_member_init
    Feature record: CXX_FEATURE:1cxx_nullptr
    Feature record: CXX_FEATURE:1cxx_override
    Feature record: CXX_FEATURE:1cxx_range_for
    Feature record: CXX_FEATURE:1cxx_raw_string_literals
    Feature record: CXX_FEATURE:1cxx_reference_qualified_functions
    Feature record: CXX_FEATURE:1cxx_relaxed_constexpr
    Feature record: CXX_FEATURE:1cxx_return_type_deduction
    Feature record: CXX_FEATURE:1cxx_right_angle_brackets
    Feature record: CXX_FEATURE:1cxx_rvalue_references
    Feature record: CXX_FEATURE:1cxx_sizeof_member
    Feature record: CXX_FEATURE:1cxx_static_assert
    Feature record: CXX_FEATURE:1cxx_strong_enums
    Feature record: CXX_FEATURE:1cxx_template_template_parameters
    Feature record: CXX_FEATURE:1cxx_thread_local
    Feature record: CXX_FEATURE:1cxx_trailing_return_types
    Feature record: CXX_FEATURE:1cxx_unicode_literals
    Feature record: CXX_FEATURE:1cxx_uniform_initialization
    Feature record: CXX_FEATURE:1cxx_unrestricted_unions
    Feature record: CXX_FEATURE:1cxx_user_literals
    Feature record: CXX_FEATURE:1cxx_variable_templates
    Feature record: CXX_FEATURE:1cxx_variadic_macros
    Feature record: CXX_FEATURE:1cxx_variadic_templates


Detecting CXX [-std=c++17] compiler features compiled with the following output:
Change Dir: /scratch/user/lukegu03/csce335/project/CMakeFiles/CMakeTmp

Run Build Command:"/usr/bin/gmake" "cmTC_4104d/fast"
/usr/bin/gmake -f CMakeFiles/cmTC_4104d.dir/build.make CMakeFiles/cmTC_4104d.dir/build
gmake[1]: Entering directory '/scratch/user/lukegu03/csce335/project/CMakeFiles/CMakeTmp'
Building CXX object CMakeFiles/cmTC_4104d.dir/feature_tests.cxx.o
/sw/eb/sw/GCCcore/12.2.0/bin/c++    -std=c++17 -o CMakeFiles/cmTC_4104d.dir/feature_tests.cxx.o -c /scratch/user/lukegu03/csce335/project/CMakeFiles/feature_tests.cxx
Linking CXX executable cmTC_4104d
/sw/eb/sw/CMake/3.12.1/bin/cmake -E cmake_link_script CMakeFiles/cmTC_4104d.dir/link.txt --verbose=1
/sw/eb/sw/GCCcore/12.2.0/bin/c++       -rdynamic CMakeFiles/cmTC_4104d.dir/feature_tests.cxx.o  -o cmTC_4104d 
gmake[1]: Leaving directory '/scratch/user/lukegu03/csce335/project/CMakeFiles/CMakeTmp'


    Feature record: CXX_FEATURE:1cxx_aggregate_default_initializers
    Feature record: CXX_FEATURE:1cxx_alias_templates
    Feature record: CXX_FEATURE:1cxx_alignas
    Feature record: CXX_FEATURE:1cxx_alignof
    Feature record: CXX_FEATURE:1cxx_attributes
    Feature record: CXX_FEATURE:1cxx_attribute_deprecated
    Feature record: CXX_FEATURE:1cxx_auto_type
    Feature record: CXX_FEATURE:1cxx_binary_literals
    Feature record: CXX_FEATURE:1cxx_constexpr
    Feature record: CXX_FEATURE:1cxx_contextual_conversions
    Feature record: CXX_FEATURE:1cxx_decltype
    Feature record: CXX_FEATURE:1cxx_decltype_auto
    Feature record: CXX_FEATURE:1cxx_decltype_incomplete_return_types
    Feature record: CXX_FEATURE:1cxx_default_function_template_args
    Feature record: CXX_FEATURE:1cxx_defaulted_functions
    Feature record: CXX_FEATURE:1cxx_defaulted_move_initializers
    Feature record: CXX_FEATURE:1cxx_delegating_constructors
    Feature record: CXX_FEATURE:1cxx_deleted_functions
    Feature record: CXX_FEATURE:1cxx_digit_separators
    Feature record: CXX_FEATURE:1cxx_enum_forward_declarations
    Feature record: CXX_FEATURE:1cxx_explicit_conversions
    Feature record: CXX_FEATURE:1cxx_extended_friend_declarations
    Feature record: CXX_FEATURE:1cxx_extern_templates
    Feature record: CXX_FEATURE:1cxx_final
    Feature record: CXX_FEATURE:1cxx_func_identifier
    Feature record: CXX_FEATURE:1cxx_generalized_initializers
    Feature record: CXX_FEATURE:1cxx_generic_lambdas
    Feature record: CXX_FEATURE:1cxx_inheriting_constructors
    Feature record: CXX_FEATURE:1cxx_inline_namespaces
    Feature record: CXX_FEATURE:1cxx_lambdas
    Feature record: CXX_FEATURE:1cxx_lambda_init_captures
    Feature record: CXX_FEATURE:1cxx_local_type_template_args
    Feature record: CXX_FEATURE:1cxx_long_long_type
    Feature record: CXX_FEATURE:1cxx_noexcept
    Feature record: CXX_FEATURE:1cxx_nonstatic_member_init
    Feature record: CXX_FEATURE:1cxx_nullptr
    Feature record: CXX_FEATURE:1cxx_override
    Feature record: CXX_FEATURE:1cxx_range_for
    Feature record: CXX_FEATURE:1cxx_raw_string_literals
    Feature record: CXX_FEATURE:1cxx_reference_qualified_functions
    Feature record: CXX_FEATURE:1cxx_relaxed_constexpr
    Feature record: CXX_FEATURE:1cxx_return_type_deduction
    Feature record: CXX_FEATURE:1cxx_right_angle_brackets
    Feature record: CXX_FEATURE:1cxx_rvalue_references
    Feature record: CXX_FEATURE:1cxx_sizeof_member
    Feature record: CXX_FEATURE:1cxx_static_assert
    Feature record: CXX_FEATURE:1cxx_strong_enums
    Feature record: CXX_FEATURE:1cxx_template_template_parameters
    Feature record: CXX_FEATURE:1cxx_thread_local
    Feature record: CXX_FEATURE:1cxx_trailing_return_types
    Feature record: CXX_FEATURE:1cxx_unicode_literals
    Feature record: CXX_FEATURE:1cxx_uniform_initialization
    Feature record: CXX_FEATURE:1cxx_unrestricted_unions
    Feature record: CXX_FEATURE:1cxx_user_literals
    Feature record: CXX_FEATURE:1cxx_variable_templates
    Feature record: CXX_FEATURE:1cxx_variadic_macros
    Feature record: CXX_FEATURE:1cxx_variadic_templates


Detecting CXX [-std=c++14] compiler features compiled with the following output:
Change Dir: /scratch/user/lukegu03/csce335/project/CMakeFiles/CMakeTmp

Run Build Command:"/usr/bin/gmake" "cmTC_dc55e/fast"
/usr/bin/gmake -f CMakeFiles/cmTC_dc55e.dir/build.make CMakeFiles/cmTC_dc55e.dir/build
gmake[1]: Entering directory '/scratch/user/lukegu03/csce335/project/CMakeFiles/CMakeTmp'
Building CXX object CMakeFiles/cmTC_dc55e.dir/feature_tests.cxx.o
/sw/eb/sw/GCCcore/12.2.0/bin/c++    -std=c++14 -o CMakeFiles/cmTC_dc55e.dir/feature_tests.cxx.o -c /scratch/user/lukegu03/csce335/project/CMakeFiles/feature_tests.cxx
Linking CXX executable cmTC_dc55e
/sw/eb/sw/CMake/3.12.1/bin/cmake -E cmake_link_script CMakeFiles/cmTC_dc55e.dir/link.txt --verbose=1
/sw/eb/sw/GCCcore/12.2.0/bin/c++       -rdynamic CMakeFiles/cmTC_dc55e.dir/feature_tests.cxx.o  -o cmTC_dc55e 
gmake[1]: Leaving directory '/scratch/user/lukegu03/csce335/project/CMakeFiles/CMakeTmp'


    Feature record: CXX_FEATURE:1cxx_aggregate_default_initializers
    Feature record: CXX_FEATURE:1cxx_alias_templates
    Feature record: CXX_FEATURE:1cxx_alignas
    Feature record: CXX_FEATURE:1cxx_alignof
    Feature record: CXX_FEATURE:1cxx_attributes
    Feature record: CXX_FEATURE:1cxx_attribute_deprecated
    Feature record: CXX_FEATURE:1cxx_auto_type
    Feature record: CXX_FEATURE:1cxx_binary_literals
    Feature record: CXX_FEATURE:1cxx_constexpr
    Feature record: CXX_FEATURE:1cxx_contextual_conversions
    Feature record: CXX_FEATURE:1cxx_decltype
    Feature record: CXX_FEATURE:1cxx_decltype_auto
    Feature record: CXX_FEATURE:1cxx_decltype_incomplete_return_types
    Feature record: CXX_FEATURE:1cxx_default_function_template_args
    Feature record: CXX_FEATURE:1cxx_defaulted_functions
    Feature record: CXX_FEATURE:1cxx_defaulted_move_initializers
    Feature record: CXX_FEATURE:1cxx_delegating_constructors
    Feature record: CXX_FEATURE:1cxx_deleted_functions
    Feature record: CXX_FEATURE:1cxx_digit_separators
    Feature record: CXX_FEATURE:1cxx_enum_forward_declarations
    Feature record: CXX_FEATURE:1cxx_explicit_conversions
    Feature record: CXX_FEATURE:1cxx_extended_friend_declarations
    Feature record: CXX_FEATURE:1cxx_extern_templates
    Feature record: CXX_FEATURE:1cxx_final
    Feature record: CXX_FEATURE:1cxx_func_identifier
    Feature record: CXX_FEATURE:1cxx_generalized_initializers
    Feature record: CXX_FEATURE:1cxx_generic_lambdas
    Feature record: CXX_FEATURE:1cxx_inheriting_constructors
    Feature record: CXX_FEATURE:1cxx_inline_namespaces
    Feature record: CXX_FEATURE:1cxx_lambdas
    Feature record: CXX_FEATURE:1cxx_lambda_init_captures
    Feature record: CXX_FEATURE:1cxx_local_type_template_args
    Feature record: CXX_FEATURE:1cxx_long_long_type
    Feature record: CXX_FEATURE:1cxx_noexcept
    Feature record: CXX_FEATURE:1cxx_nonstatic_member_init
    Feature record: CXX_FEATURE:1cxx_nullptr
    Feature record: CXX_FEATURE:1cxx_override
    Feature record: CXX_FEATURE:1cxx_range_for
    Feature record: CXX_FEATURE:1cxx_raw_string_literals
    Feature record: CXX_FEATURE:1cxx_reference_qualified_functions
    Feature record: CXX_FEATURE:1cxx_relaxed_constexpr
    Feature record: CXX_FEATURE:1cxx_return_type_deduction
    Feature record: CXX_FEATURE:1cxx_right_angle_brackets
    Feature record: CXX_FEATURE:1cxx_rvalue_references
    Feature record: CXX_FEATURE:1cxx_sizeof_member
    Feature record: CXX_FEATURE:1cxx_static_assert
    Feature record: CXX_FEATURE:1cxx_strong_enums
    Feature record: CXX_FEATURE:1cxx_template_template_parameters
    Feature record: CXX_FEATURE:1cxx_thread_local
    Feature record: CXX_FEATURE:1cxx_trailing_return_types
    Feature record: CXX_FEATURE:1cxx_unicode_literals
    Feature record: CXX_FEATURE:1cxx_uniform_initialization
    Feature record: CXX_FEATURE:1cxx_unrestricted_unions
    Feature record: CXX_FEATURE:1cxx_user_literals
    Feature record: CXX_FEATURE:1cxx_variable_templates
    Feature record: CXX_FEATURE:1cxx_variadic_macros
    Feature record: CXX_FEATURE:1cxx_variadic_templates


Detecting CXX [-std=c++11] compiler features compiled with the following output:
Change Dir: /scratch/user/lukegu03/csce335/project/CMakeFiles/CMakeTmp

Run Build Command:"/usr/bin/gmake" "cmTC_36397/fast"
/usr/bin/gmake -f CMakeFiles/cmTC_36397.dir/build.make CMakeFiles/cmTC_36397.dir/build
gmake[1]: Entering directory '/scratch/user/lukegu03/csce335/project/CMakeFiles/CMakeTmp'
Building CXX object CMakeFiles/cmTC_36397.dir/feature_tests.cxx.o
/sw/eb/sw/GCCcore/12.2.0/bin/c++    -std=c++11 -o CMakeFiles/cmTC_36397.dir/feature_tests.cxx.o -c /scratch/user/lukegu03/csce335/project/CMakeFiles/feature_tests.cxx
Linking CXX executable cmTC_36397
/sw/eb/sw/CMake/3.12.1/bin/cmake -E cmake_link_script CMakeFiles/cmTC_36397.dir/link.txt --verbose=1
/sw/eb/sw/GCCcore/12.2.0/bin/c++       -rdynamic CMakeFiles/cmTC_36397.dir/feature_tests.cxx.o  -o cmTC_36397 
gmake[1]: Leaving directory '/scratch/user/lukegu03/csce335/project/CMakeFiles/CMakeTmp'


    Feature record: CXX_FEATURE:0cxx_aggregate_default_initializers
    Feature record: CXX_FEATURE:1cxx_alias_templates
    Feature record: CXX_FEATURE:1cxx_alignas
    Feature record: CXX_FEATURE:1cxx_alignof
    Feature record: CXX_FEATURE:1cxx_attributes
    Feature record: CXX_FEATURE:0cxx_attribute_deprecated
    Feature record: CXX_FEATURE:1cxx_auto_type
    Feature record: CXX_FEATURE:0cxx_binary_literals
    Feature record: CXX_FEATURE:1cxx_constexpr
    Feature record: CXX_FEATURE:0cxx_contextual_conversions
    Feature record: CXX_FEATURE:1cxx_decltype
    Feature record: CXX_FEATURE:0cxx_decltype_auto
    Feature record: CXX_FEATURE:1cxx_decltype_incomplete_return_types
    Feature record: CXX_FEATURE:1cxx_default_function_template_args
    Feature record: CXX_FEATURE:1cxx_defaulted_functions
    Feature record: CXX_FEATURE:1cxx_defaulted_move_initializers
    Feature record: CXX_FEATURE:1cxx_delegating_constructors
    Feature record: CXX_FEATURE:1cxx_deleted_functions
    Feature record: CXX_FEATURE:0cxx_digit_separators
    Feature record: CXX_FEATURE:1cxx_enum_forward_declarations
    Feature record: CXX_FEATURE:1cxx_explicit_conversions
    Feature record: CXX_FEATURE:1cxx_extended_friend_declarations
    Feature record: CXX_FEATURE:1cxx_extern_templates
    Feature record: CXX_FEATURE:1cxx_final
    Feature record: CXX_FEATURE:1cxx_func_identifier
    Feature record: CXX_FEATURE:1cxx_generalized_initializers
    Feature record: CXX_FEATURE:0cxx_generic_lambdas
    Feature record: CXX_FEATURE:1cxx_inheriting_constructors
    Feature record: CXX_FEATURE:1cxx_inline_namespaces
    Feature record: CXX_FEATURE:1cxx_lambdas
    Feature record: CXX_FEATURE:0cxx_lambda_init_captures
    Feature record: CXX_FEATURE:1cxx_local_type_template_args
    Feature record: CXX_FEATURE:1cxx_long_long_type
    Feature record: CXX_FEATURE:1cxx_noexcept
    Feature record: CXX_FEATURE:1cxx_nonstatic_member_init
    Feature record: CXX_FEATURE:1cxx_nullptr
    Feature record: CXX_FEATURE:1cxx_override
    Feature record: CXX_FEATURE:1cxx_range_for
    Feature record: CXX_FEATURE:1cxx_raw_string_literals
    Feature record: CXX_FEATURE:1cxx_reference_qualified_functions
    Feature record: CXX_FEATURE:0cxx_relaxed_constexpr
    Feature record: CXX_FEATURE:0cxx_return_type_deduction
    Feature record: CXX_FEATURE:1cxx_right_angle_brackets
    Feature record: CXX_FEATURE:1cxx_rvalue_references
    Feature record: CXX_FEATURE:1cxx_sizeof_member
    Feature record: CXX_FEATURE:1cxx_static_assert
    Feature record: CXX_FEATURE:1cxx_strong_enums
    Feature record: CXX_FEATURE:1cxx_template_template_parameters
    Feature record: CXX_FEATURE:1cxx_thread_local
    Feature record: CXX_FEATURE:1cxx_trailing_return_types
    Feature record: CXX_FEATURE:1cxx_unicode_literals
    Feature record: CXX_FEATURE:1cxx_uniform_initialization
    Feature record: CXX_FEATURE:1cxx_unrestricted_unions
    Feature record: CXX_FEATURE:1cxx_user_literals
    Feature record: CXX_FEATURE:0cxx_variable_templates
    Feature record: CXX_FEATURE:1cxx_variadic_macros
    Feature record: CXX_FEATURE:1cxx_variadic_templates


Detecting CXX [-std=c++98] compiler features compiled with the following output:
Change Dir: /scratch/user/lukegu03/csce335/project/CMakeFiles/CMakeTmp

Run Build Command:"/usr/bin/gmake" "cmTC_fb93b/fast"
/usr/bin/gmake -f CMakeFiles/cmTC_fb93b.dir/build.make CMakeFiles/cmTC_fb93b.dir/build
gmake[1]: Entering directory '/scratch/user/lukegu03/csce335/project/CMakeFiles/CMakeTmp'
Building CXX object CMakeFiles/cmTC_fb93b.dir/feature_tests.cxx.o
/sw/eb/sw/GCCcore/12.2.0/bin/c++    -std=c++98 -o CMakeFiles/cmTC_fb93b.dir/feature_tests.cxx.o -c /scratch/user/lukegu03/csce335/project/CMakeFiles/feature_tests.cxx
Linking CXX executable cmTC_fb93b
/sw/eb/sw/CMake/3.12.1/bin/cmake -E cmake_link_script CMakeFiles/cmTC_fb93b.dir/link.txt --verbose=1
/sw/eb/sw/GCCcore/12.2.0/bin/c++       -rdynamic CMakeFiles/cmTC_fb93b.dir/feature_tests.cxx.o  -o cmTC_fb93b 
gmake[1]: Leaving directory '/scratch/user/lukegu03/csce335/project/CMakeFiles/CMakeTmp'


    Feature record: CXX_FEATURE:0cxx_aggregate_default_initializers
    Feature record: CXX_FEATURE:0cxx_alias_templates
    Feature record: CXX_FEATURE:0cxx_alignas
    Feature record: CXX_FEATURE:0cxx_alignof
    Feature record: CXX_FEATURE:0cxx_attributes
    Feature record: CXX_FEATURE:0cxx_attribute_deprecated
    Feature record: CXX_FEATURE:0cxx_auto_type
    Feature record: CXX_FEATURE:0cxx_binary_literals
    Feature record: CXX_FEATURE:0cxx_constexpr
    Feature record: CXX_FEATURE:0cxx_contextual_conversions
    Feature record: CXX_FEATURE:0cxx_decltype
    Feature record: CXX_FEATURE:0cxx_decltype_auto
    Feature record: CXX_FEATURE:0cxx_decltype_incomplete_return_types
    Feature record: CXX_FEATURE:0cxx_default_function_template_args
    Feature record: CXX_FEATURE:0cxx_defaulted_functions
    Feature record: CXX_FEATURE:0cxx_defaulted_move_initializers
    Feature record: CXX_FEATURE:0cxx_delegating_constructors
    Feature record: CXX_FEATURE:0cxx_deleted_functions
    Feature record: CXX_FEATURE:0cxx_digit_separators
    Feature record: CXX_FEATURE:0cxx_enum_forward_declarations
    Feature record: CXX_FEATURE:0cxx_explicit_conversions
    Feature record: CXX_FEATURE:0cxx_extended_friend_declarations
    Feature record: CXX_FEATURE:0cxx_extern_templates
    Feature record: CXX_FEATURE:0cxx_final
    Feature record: CXX_FEATURE:0cxx_func_identifier
    Feature record: CXX_FEATURE:0cxx_generalized_initializers
    Feature record: CXX_FEATURE:0cxx_generic_lambdas
    Feature record: CXX_FEATURE:0cxx_inheriting_constructors
    Feature record: CXX_FEATURE:0cxx_inline_namespaces
    Feature record: CXX_FEATURE:0cxx_lambdas
    Feature record: CXX_FEATURE:0cxx_lambda_init_captures
    Feature record: CXX_FEATURE:0cxx_local_type_template_args
    Feature record: CXX_FEATURE:0cxx_long_long_type
    Feature record: CXX_FEATURE:0cxx_noexcept
    Feature record: CXX_FEATURE:0cxx_nonstatic_member_init
    Feature record: CXX_FEATURE:0cxx_nullptr
    Feature record: CXX_FEATURE:0cxx_override
    Feature record: CXX_FEATURE:0cxx_range_for
    Feature record: CXX_FEATURE:0cxx_raw_string_literals
    Feature record: CXX_FEATURE:0cxx_reference_qualified_functions
    Feature record: CXX_FEATURE:0cxx_relaxed_constexpr
    Feature record: CXX_FEATURE:0cxx_return_type_deduction
    Feature record: CXX_FEATURE:0cxx_right_angle_brackets
    Feature record: CXX_FEATURE:0cxx_rvalue_references
    Feature record: CXX_FEATURE:0cxx_sizeof_member
    Feature record: CXX_FEATURE:0cxx_static_assert
    Feature record: CXX_FEATURE:0cxx_strong_enums
    Feature record: CXX_FEATURE:1cxx_template_template_parameters
    Feature record: CXX_FEATURE:0cxx_thread_local
    Feature record: CXX_FEATURE:0cxx_trailing_return_types
    Feature record: CXX_FEATURE:0cxx_unicode_literals
    Feature record: CXX_FEATURE:0cxx_uniform_initialization
    Feature record: CXX_FEATURE:0cxx_unrestricted_unions
    Feature record: CXX_FEATURE:0cxx_user_literals
    Feature record: CXX_FEATURE:0cxx_variable_templates
    Feature record: CXX_FEATURE:0cxx_variadic_macros
    Feature record: CXX_FEATURE:0cxx_variadic_templates
